<?xml version="1.0" encoding="UTF-8"?>
<!-- Generated by org.testng.reporters.JUnitXMLReporter -->
<testsuite ignored="6" hostname="DESKTOP-BIB7V58" failures="0" tests="8" name="Test" time="93.944" errors="0" timestamp="2024-05-15T17:42:35 IST">
  <testcase classname="FT.TC_001_Register_Test" name="validateThatUserIsAbleToRegister" time="17.528"/>
  <testcase classname="FT.TC_001_Register_Test" name="validateThatUserIsAbleToRegister" time="8.453"/>
  <testcase classname="FT.TC_001_Register_Test" name="validateThatUserIsAbleToRegister" time="8.642"/>
  <testcase classname="FT.TC_002_Login_Test" name="validateThatUserIsAbleToLogin" time="11.291"/>
  <testcase classname="FT.TC_003_BookItem_Test" name="valiadteThatUserIsAbleToGetBookItem" time="1.319"/>
  <testcase classname="FT.TC_004_Cart_Test" name="validateThatUserIsAbleToClickOnWishlist" time="1.125"/>
  <testcase classname="FT.TC_005_Search_Test" name="validateThatUserIsAbleToGetSearchPage" time="1.518"/>
  <testcase classname="FT.TC_006_EmailFrd_Test" name="valiadteThatUserIsAbleToSendMail" time="4.351"/>
  <testcase classname="genericLib.BaseClass" name="@BeforeSuite beforeSuite" time="0.0">
    <ignored/>
  </testcase> <!-- @BeforeSuite beforeSuite -->
  <testcase classname="genericLib.BaseClass" name="@BeforeSuite beforeSuite" time="0.0">
    <ignored/>
  </testcase> <!-- @BeforeSuite beforeSuite -->
  <testcase classname="genericLib.BaseClass" name="@BeforeSuite beforeSuite" time="0.0">
    <ignored/>
  </testcase> <!-- @BeforeSuite beforeSuite -->
  <testcase classname="genericLib.BaseClass" name="@AfterSuite afterSuite" time="0.0">
    <ignored/>
  </testcase> <!-- @AfterSuite afterSuite -->
  <testcase classname="genericLib.BaseClass" name="@AfterSuite afterSuite" time="0.0">
    <ignored/>
  </testcase> <!-- @AfterSuite afterSuite -->
  <testcase classname="genericLib.BaseClass" name="@AfterSuite afterSuite" time="0.0">
    <ignored/>
  </testcase> <!-- @AfterSuite afterSuite -->
</testsuite> <!-- Test -->
