<?xml version="1.0" encoding="UTF-8"?>
<testng-results ignored="6" total="14" passed="8" failed="0" skipped="0">
  <reporter-output>
    <line>
      <![CDATA[Report Formation start]]>
    </line>
    <line>
      <![CDATA[D/B Connection start]]>
    </line>
    <line>
      <![CDATA[User is able to empty browser]]>
    </line>
    <line>
      <![CDATA[User is able to maximize the screen]]>
    </line>
    <line>
      <![CDATA[user is able to open url]]>
    </line>
    <line>
      <![CDATA[User is able to empty browser]]>
    </line>
    <line>
      <![CDATA[User is able to maximize the screen]]>
    </line>
    <line>
      <![CDATA[user is able to open url]]>
    </line>
    <line>
      <![CDATA[User is able to empty browser]]>
    </line>
    <line>
      <![CDATA[User is able to maximize the screen]]>
    </line>
    <line>
      <![CDATA[user is able to open url]]>
    </line>
    <line>
      <![CDATA[User is able to maximize the screen]]>
    </line>
    <line>
      <![CDATA[user is able to open url]]>
    </line>
    <line>
      <![CDATA[user is able to get login page]]>
    </line>
    <line>
      <![CDATA[user is able to send valid emailid]]>
    </line>
    <line>
      <![CDATA[user is able to send valid password]]>
    </line>
    <line>
      <![CDATA[user is able to click on remember checkbox]]>
    </line>
    <line>
      <![CDATA[user is able to login into application]]>
    </line>
    <line>
      <![CDATA[User is able to close browser]]>
    </line>
    <line>
      <![CDATA[User is able to empty browser]]>
    </line>
    <line>
      <![CDATA[User is able to maximize the screen]]>
    </line>
    <line>
      <![CDATA[user is able to open url]]>
    </line>
    <line>
      <![CDATA[user is able to get login page]]>
    </line>
    <line>
      <![CDATA[user is able to send valid emailid]]>
    </line>
    <line>
      <![CDATA[user is able to send valid password]]>
    </line>
    <line>
      <![CDATA[user is able to click on remember checkbox]]>
    </line>
    <line>
      <![CDATA[user is able to login into application]]>
    </line>
    <line>
      <![CDATA[user is able to get Books Page]]>
    </line>
    <line>
      <![CDATA[User is able to logout]]>
    </line>
    <line>
      <![CDATA[User is able to close browser]]>
    </line>
    <line>
      <![CDATA[User is able to empty browser]]>
    </line>
    <line>
      <![CDATA[User is able to maximize the screen]]>
    </line>
    <line>
      <![CDATA[user is able to open url]]>
    </line>
    <line>
      <![CDATA[user is able to get login page]]>
    </line>
    <line>
      <![CDATA[user is able to send valid emailid]]>
    </line>
    <line>
      <![CDATA[user is able to send valid password]]>
    </line>
    <line>
      <![CDATA[user is able to click on remember checkbox]]>
    </line>
    <line>
      <![CDATA[user is able to login into application]]>
    </line>
    <line>
      <![CDATA[User is able to click shopping cart]]>
    </line>
    <line>
      <![CDATA[User is able to logout]]>
    </line>
    <line>
      <![CDATA[User is able to close browser]]>
    </line>
    <line>
      <![CDATA[User is able to empty browser]]>
    </line>
    <line>
      <![CDATA[User is able to maximize the screen]]>
    </line>
    <line>
      <![CDATA[user is able to open url]]>
    </line>
    <line>
      <![CDATA[user is able to get login page]]>
    </line>
    <line>
      <![CDATA[user is able to send valid emailid]]>
    </line>
    <line>
      <![CDATA[user is able to send valid password]]>
    </line>
    <line>
      <![CDATA[user is able to click on remember checkbox]]>
    </line>
    <line>
      <![CDATA[user is able to login into application]]>
    </line>
    <line>
      <![CDATA[user is able to get searched page]]>
    </line>
    <line>
      <![CDATA[User is able to logout]]>
    </line>
    <line>
      <![CDATA[User is able to close browser]]>
    </line>
    <line>
      <![CDATA[User is able to empty browser]]>
    </line>
    <line>
      <![CDATA[User is able to maximize the screen]]>
    </line>
    <line>
      <![CDATA[user is able to open url]]>
    </line>
    <line>
      <![CDATA[user is able to get login page]]>
    </line>
    <line>
      <![CDATA[user is able to send valid emailid]]>
    </line>
    <line>
      <![CDATA[user is able to send valid password]]>
    </line>
    <line>
      <![CDATA[user is able to click on remember checkbox]]>
    </line>
    <line>
      <![CDATA[user is able to login into application]]>
    </line>
    <line>
      <![CDATA[user is able to get Books Page]]>
    </line>
    <line>
      <![CDATA[User is able to get Email Friend Page]]>
    </line>
    <line>
      <![CDATA[User is able to logout]]>
    </line>
    <line>
      <![CDATA[User is able to close browser]]>
    </line>
    <line>
      <![CDATA[Report Formation stop]]>
    </line>
    <line>
      <![CDATA[D/B Connection stop]]>
    </line>
  </reporter-output>
  <suite started-at="2024-05-15T17:41:01 IST" name="Suite" finished-at="2024-05-15T17:42:35 IST" duration-ms="93944">
    <groups>
    </groups>
    <test started-at="2024-05-15T17:41:01 IST" name="Test" finished-at="2024-05-15T17:42:35 IST" duration-ms="93944">
      <class name="FT.TC_002_Login_Test">
        <test-method signature="validateThatUserIsAbleToLogin()[pri:0, instance:FT.TC_002_Login_Test@290222c1]" started-at="2024-05-15T17:41:38 IST" name="validateThatUserIsAbleToLogin" finished-at="2024-05-15T17:41:49 IST" duration-ms="11291" status="PASS">
          <reporter-output>
            <line>
              <![CDATA[User is able to maximize the screen]]>
            </line>
            <line>
              <![CDATA[user is able to open url]]>
            </line>
            <line>
              <![CDATA[user is able to get login page]]>
            </line>
            <line>
              <![CDATA[user is able to send valid emailid]]>
            </line>
            <line>
              <![CDATA[user is able to send valid password]]>
            </line>
            <line>
              <![CDATA[user is able to click on remember checkbox]]>
            </line>
            <line>
              <![CDATA[user is able to login into application]]>
            </line>
            <line>
              <![CDATA[User is able to close browser]]>
            </line>
          </reporter-output>
        </test-method> <!-- validateThatUserIsAbleToLogin -->
      </class> <!-- FT.TC_002_Login_Test -->
      <class name="FT.TC_005_Search_Test">
        <test-method is-config="true" signature="browserSetUp()[pri:0, instance:FT.TC_005_Search_Test@70e9c95d]" started-at="2024-05-15T17:42:10 IST" name="browserSetUp" finished-at="2024-05-15T17:42:16 IST" duration-ms="5732" status="PASS">
          <reporter-output>
            <line>
              <![CDATA[User is able to empty browser]]>
            </line>
            <line>
              <![CDATA[User is able to maximize the screen]]>
            </line>
            <line>
              <![CDATA[user is able to open url]]>
            </line>
          </reporter-output>
        </test-method> <!-- browserSetUp -->
        <test-method is-config="true" signature="userLogin()[pri:0, instance:FT.TC_005_Search_Test@70e9c95d]" started-at="2024-05-15T17:42:16 IST" name="userLogin" finished-at="2024-05-15T17:42:18 IST" duration-ms="2557" status="PASS">
          <reporter-output>
            <line>
              <![CDATA[user is able to get login page]]>
            </line>
            <line>
              <![CDATA[user is able to send valid emailid]]>
            </line>
            <line>
              <![CDATA[user is able to send valid password]]>
            </line>
            <line>
              <![CDATA[user is able to click on remember checkbox]]>
            </line>
            <line>
              <![CDATA[user is able to login into application]]>
            </line>
          </reporter-output>
        </test-method> <!-- userLogin -->
        <test-method signature="validateThatUserIsAbleToGetSearchPage()[pri:0, instance:FT.TC_005_Search_Test@70e9c95d]" started-at="2024-05-15T17:42:18 IST" name="validateThatUserIsAbleToGetSearchPage" finished-at="2024-05-15T17:42:20 IST" duration-ms="1518" status="PASS">
          <reporter-output>
            <line>
              <![CDATA[user is able to get searched page]]>
            </line>
          </reporter-output>
        </test-method> <!-- validateThatUserIsAbleToGetSearchPage -->
        <test-method is-config="true" signature="userLogout()[pri:0, instance:FT.TC_005_Search_Test@70e9c95d]" started-at="2024-05-15T17:42:20 IST" name="userLogout" finished-at="2024-05-15T17:42:21 IST" duration-ms="1238" status="PASS">
          <reporter-output>
            <line>
              <![CDATA[User is able to logout]]>
            </line>
          </reporter-output>
        </test-method> <!-- userLogout -->
        <test-method is-config="true" signature="tearDownBrowser()[pri:0, instance:FT.TC_005_Search_Test@70e9c95d]" started-at="2024-05-15T17:42:21 IST" name="tearDownBrowser" finished-at="2024-05-15T17:42:22 IST" duration-ms="379" status="PASS">
          <reporter-output>
            <line>
              <![CDATA[User is able to close browser]]>
            </line>
          </reporter-output>
        </test-method> <!-- tearDownBrowser -->
      </class> <!-- FT.TC_005_Search_Test -->
      <class name="FT.TC_006_EmailFrd_Test">
        <test-method is-config="true" signature="browserSetUp()[pri:0, instance:FT.TC_006_EmailFrd_Test@4d5650ae]" started-at="2024-05-15T17:42:22 IST" name="browserSetUp" finished-at="2024-05-15T17:42:27 IST" duration-ms="5511" status="PASS">
          <reporter-output>
            <line>
              <![CDATA[User is able to empty browser]]>
            </line>
            <line>
              <![CDATA[User is able to maximize the screen]]>
            </line>
            <line>
              <![CDATA[user is able to open url]]>
            </line>
          </reporter-output>
        </test-method> <!-- browserSetUp -->
        <test-method is-config="true" signature="userLogin()[pri:0, instance:FT.TC_006_EmailFrd_Test@4d5650ae]" started-at="2024-05-15T17:42:27 IST" name="userLogin" finished-at="2024-05-15T17:42:30 IST" duration-ms="2475" status="PASS">
          <reporter-output>
            <line>
              <![CDATA[user is able to get login page]]>
            </line>
            <line>
              <![CDATA[user is able to send valid emailid]]>
            </line>
            <line>
              <![CDATA[user is able to send valid password]]>
            </line>
            <line>
              <![CDATA[user is able to click on remember checkbox]]>
            </line>
            <line>
              <![CDATA[user is able to login into application]]>
            </line>
          </reporter-output>
        </test-method> <!-- userLogin -->
        <test-method signature="valiadteThatUserIsAbleToSendMail()[pri:0, instance:FT.TC_006_EmailFrd_Test@4d5650ae]" started-at="2024-05-15T17:42:30 IST" name="valiadteThatUserIsAbleToSendMail" finished-at="2024-05-15T17:42:34 IST" duration-ms="4351" status="PASS">
          <reporter-output>
            <line>
              <![CDATA[user is able to get Books Page]]>
            </line>
            <line>
              <![CDATA[User is able to get Email Friend Page]]>
            </line>
          </reporter-output>
        </test-method> <!-- valiadteThatUserIsAbleToSendMail -->
        <test-method is-config="true" signature="userLogout()[pri:0, instance:FT.TC_006_EmailFrd_Test@4d5650ae]" started-at="2024-05-15T17:42:34 IST" name="userLogout" finished-at="2024-05-15T17:42:35 IST" duration-ms="1172" status="PASS">
          <reporter-output>
            <line>
              <![CDATA[User is able to logout]]>
            </line>
          </reporter-output>
        </test-method> <!-- userLogout -->
        <test-method is-config="true" signature="tearDownBrowser()[pri:0, instance:FT.TC_006_EmailFrd_Test@4d5650ae]" started-at="2024-05-15T17:42:35 IST" name="tearDownBrowser" finished-at="2024-05-15T17:42:35 IST" duration-ms="228" status="PASS">
          <reporter-output>
            <line>
              <![CDATA[User is able to close browser]]>
            </line>
          </reporter-output>
        </test-method> <!-- tearDownBrowser -->
      </class> <!-- FT.TC_006_EmailFrd_Test -->
      <class name="FT.TC_001_Register_Test">
        <test-method signature="validateThatUserIsAbleToRegister([Ljava.lang.String;)[pri:0, instance:FT.TC_001_Register_Test@5b03b9fe]" started-at="2024-05-15T17:41:03 IST" name="validateThatUserIsAbleToRegister" data-provider="register" finished-at="2024-05-15T17:41:21 IST" duration-ms="17528" status="PASS">
          <params>
            <param index="0">
              <value>
                <![CDATA[[Ljava.lang.String;@719c1faf]]>
              </value>
            </param>
          </params>
          <reporter-output>
            <line>
              <![CDATA[User is able to empty browser]]>
            </line>
            <line>
              <![CDATA[User is able to maximize the screen]]>
            </line>
            <line>
              <![CDATA[user is able to open url]]>
            </line>
          </reporter-output>
        </test-method> <!-- validateThatUserIsAbleToRegister -->
        <test-method signature="validateThatUserIsAbleToRegister([Ljava.lang.String;)[pri:0, instance:FT.TC_001_Register_Test@5b03b9fe]" started-at="2024-05-15T17:41:21 IST" name="validateThatUserIsAbleToRegister" data-provider="register" finished-at="2024-05-15T17:41:29 IST" duration-ms="8453" status="PASS">
          <params>
            <param index="0">
              <value>
                <![CDATA[[Ljava.lang.String;@6ba6557e]]>
              </value>
            </param>
          </params>
          <reporter-output>
            <line>
              <![CDATA[User is able to empty browser]]>
            </line>
            <line>
              <![CDATA[User is able to maximize the screen]]>
            </line>
            <line>
              <![CDATA[user is able to open url]]>
            </line>
          </reporter-output>
        </test-method> <!-- validateThatUserIsAbleToRegister -->
        <test-method signature="validateThatUserIsAbleToRegister([Ljava.lang.String;)[pri:0, instance:FT.TC_001_Register_Test@5b03b9fe]" started-at="2024-05-15T17:41:29 IST" name="validateThatUserIsAbleToRegister" data-provider="register" finished-at="2024-05-15T17:41:38 IST" duration-ms="8642" status="PASS">
          <params>
            <param index="0">
              <value>
                <![CDATA[[Ljava.lang.String;@559d19c]]>
              </value>
            </param>
          </params>
          <reporter-output>
            <line>
              <![CDATA[User is able to empty browser]]>
            </line>
            <line>
              <![CDATA[User is able to maximize the screen]]>
            </line>
            <line>
              <![CDATA[user is able to open url]]>
            </line>
          </reporter-output>
        </test-method> <!-- validateThatUserIsAbleToRegister -->
      </class> <!-- FT.TC_001_Register_Test -->
      <class name="FT.TC_004_Cart_Test">
        <test-method is-config="true" signature="browserSetUp()[pri:0, instance:FT.TC_004_Cart_Test@2e3967ea]" started-at="2024-05-15T17:42:00 IST" name="browserSetUp" finished-at="2024-05-15T17:42:05 IST" duration-ms="5080" status="PASS">
          <reporter-output>
            <line>
              <![CDATA[User is able to empty browser]]>
            </line>
            <line>
              <![CDATA[User is able to maximize the screen]]>
            </line>
            <line>
              <![CDATA[user is able to open url]]>
            </line>
          </reporter-output>
        </test-method> <!-- browserSetUp -->
        <test-method is-config="true" signature="userLogin()[pri:0, instance:FT.TC_004_Cart_Test@2e3967ea]" started-at="2024-05-15T17:42:05 IST" name="userLogin" finished-at="2024-05-15T17:42:08 IST" duration-ms="2644" status="PASS">
          <reporter-output>
            <line>
              <![CDATA[user is able to get login page]]>
            </line>
            <line>
              <![CDATA[user is able to send valid emailid]]>
            </line>
            <line>
              <![CDATA[user is able to send valid password]]>
            </line>
            <line>
              <![CDATA[user is able to click on remember checkbox]]>
            </line>
            <line>
              <![CDATA[user is able to login into application]]>
            </line>
          </reporter-output>
        </test-method> <!-- userLogin -->
        <test-method signature="validateThatUserIsAbleToClickOnWishlist()[pri:0, instance:FT.TC_004_Cart_Test@2e3967ea]" started-at="2024-05-15T17:42:08 IST" name="validateThatUserIsAbleToClickOnWishlist" finished-at="2024-05-15T17:42:09 IST" duration-ms="1125" status="PASS">
          <reporter-output>
            <line>
              <![CDATA[User is able to click shopping cart]]>
            </line>
          </reporter-output>
        </test-method> <!-- validateThatUserIsAbleToClickOnWishlist -->
        <test-method is-config="true" signature="userLogout()[pri:0, instance:FT.TC_004_Cart_Test@2e3967ea]" started-at="2024-05-15T17:42:09 IST" name="userLogout" finished-at="2024-05-15T17:42:10 IST" duration-ms="1073" status="PASS">
          <reporter-output>
            <line>
              <![CDATA[User is able to logout]]>
            </line>
          </reporter-output>
        </test-method> <!-- userLogout -->
        <test-method is-config="true" signature="tearDownBrowser()[pri:0, instance:FT.TC_004_Cart_Test@2e3967ea]" started-at="2024-05-15T17:42:10 IST" name="tearDownBrowser" finished-at="2024-05-15T17:42:10 IST" duration-ms="279" status="PASS">
          <reporter-output>
            <line>
              <![CDATA[User is able to close browser]]>
            </line>
          </reporter-output>
        </test-method> <!-- tearDownBrowser -->
      </class> <!-- FT.TC_004_Cart_Test -->
      <class name="FT.TC_003_BookItem_Test">
        <test-method is-config="true" signature="beforeSuite()[pri:0, instance:FT.TC_003_BookItem_Test@5d534f5d]" started-at="2024-05-15T17:41:01 IST" name="beforeSuite" finished-at="2024-05-15T17:41:01 IST" duration-ms="11" status="PASS">
          <reporter-output>
            <line>
              <![CDATA[Report Formation start]]>
            </line>
            <line>
              <![CDATA[D/B Connection start]]>
            </line>
          </reporter-output>
        </test-method> <!-- beforeSuite -->
        <test-method is-config="true" signature="browserSetUp()[pri:0, instance:FT.TC_003_BookItem_Test@5d534f5d]" started-at="2024-05-15T17:41:49 IST" name="browserSetUp" finished-at="2024-05-15T17:41:55 IST" duration-ms="5506" status="PASS">
          <reporter-output>
            <line>
              <![CDATA[User is able to empty browser]]>
            </line>
            <line>
              <![CDATA[User is able to maximize the screen]]>
            </line>
            <line>
              <![CDATA[user is able to open url]]>
            </line>
          </reporter-output>
        </test-method> <!-- browserSetUp -->
        <test-method is-config="true" signature="userLogin()[pri:0, instance:FT.TC_003_BookItem_Test@5d534f5d]" started-at="2024-05-15T17:41:55 IST" name="userLogin" finished-at="2024-05-15T17:41:57 IST" duration-ms="2396" status="PASS">
          <reporter-output>
            <line>
              <![CDATA[user is able to get login page]]>
            </line>
            <line>
              <![CDATA[user is able to send valid emailid]]>
            </line>
            <line>
              <![CDATA[user is able to send valid password]]>
            </line>
            <line>
              <![CDATA[user is able to click on remember checkbox]]>
            </line>
            <line>
              <![CDATA[user is able to login into application]]>
            </line>
          </reporter-output>
        </test-method> <!-- userLogin -->
        <test-method signature="valiadteThatUserIsAbleToGetBookItem()[pri:0, instance:FT.TC_003_BookItem_Test@5d534f5d]" started-at="2024-05-15T17:41:57 IST" name="valiadteThatUserIsAbleToGetBookItem" finished-at="2024-05-15T17:41:58 IST" duration-ms="1319" status="PASS">
          <reporter-output>
            <line>
              <![CDATA[user is able to get Books Page]]>
            </line>
          </reporter-output>
        </test-method> <!-- valiadteThatUserIsAbleToGetBookItem -->
        <test-method is-config="true" signature="userLogout()[pri:0, instance:FT.TC_003_BookItem_Test@5d534f5d]" started-at="2024-05-15T17:41:58 IST" name="userLogout" finished-at="2024-05-15T17:42:00 IST" duration-ms="1175" status="PASS">
          <reporter-output>
            <line>
              <![CDATA[User is able to logout]]>
            </line>
          </reporter-output>
        </test-method> <!-- userLogout -->
        <test-method is-config="true" signature="tearDownBrowser()[pri:0, instance:FT.TC_003_BookItem_Test@5d534f5d]" started-at="2024-05-15T17:42:00 IST" name="tearDownBrowser" finished-at="2024-05-15T17:42:00 IST" duration-ms="294" status="PASS">
          <reporter-output>
            <line>
              <![CDATA[User is able to close browser]]>
            </line>
          </reporter-output>
        </test-method> <!-- tearDownBrowser -->
        <test-method is-config="true" signature="afterSuite()[pri:0, instance:FT.TC_003_BookItem_Test@5d534f5d]" started-at="2024-05-15T17:42:35 IST" name="afterSuite" finished-at="2024-05-15T17:42:35 IST" duration-ms="1" status="PASS">
          <reporter-output>
            <line>
              <![CDATA[Report Formation stop]]>
            </line>
            <line>
              <![CDATA[D/B Connection stop]]>
            </line>
          </reporter-output>
        </test-method> <!-- afterSuite -->
      </class> <!-- FT.TC_003_BookItem_Test -->
    </test> <!-- Test -->
  </suite> <!-- Suite -->
</testng-results>
